[16:42:27.655] Server listening on port 63032, PID 34316
[16:42:27.732] readProjectFiles, Found 59 files to read.
[16:42:27.874] Starting PAI Cloud Dev...
[16:42:28.824] [PAI SDK] createCloudSession response: {
  "code": 0,
  "msg": "success",
  "sandboxId": "vefaas-f0vkicge-pyw70jixna-d8tpgt02j5h64oq9plbg-sandbox",
  "endpoint": "https://sd62opo6oqou1ckhsuo00.apigateway-cn-beijing.volceapi.com"
}
[16:42:28.935] [PAI SDK] cloudServer.start called, appId: pai-preview-trae-e1a64d94
[16:42:29.381] [PAI SDK] Received event: log {"content":"\n> taro_template@1.0.0 dev:h5\n> npm run build:h5 -- --watch\n\n\n> taro_template@1.0.0 build:h5\n> taro build --type h5 --watch\n\n","timestamp":1782290549457}
[16:42:29.698] [PAI SDK] Received event: log {"content":"👽 Taro v4.1.9\n\n","timestamp":1782290549775}
[16:42:30.883] [PAI SDK] Received event: log {"content":"Tips:\n1. 建议开启持久化缓存功能，能有效提升二次编译速度，详情请参考: https://docs.taro.zone/docs/config-detail#cache。\n\n\n","timestamp":1782290550960}
[16:42:31.938] [PAI SDK] Received event: log {"content":"- 即将开始启动编译，请稍等~\n","timestamp":1782290552015}
[16:42:38.709] [Preview Server] Frontend connected, clients size = 1
[16:42:40.269] [Preview Server] Frontend disconnected, clients size = 1
[16:42:46.904] [PAI SDK] Received event: log {"content":"⚠️  编译警告. 6/24/2026, 4:42:46 PM\n\n","timestamp":1782290566979}
[16:42:46.905] [PAI SDK] cloudServer.start response: {
  "status": "running",
  "msg": "Cloud Server started successfully.",
  "hash": "pai-preview-trae-e1a64d94"
}
[16:42:47.004] [PAI SDK] Received event: log {"content":"ModuleWarning: Module Warning (from ../../../var/cache/aipa-dev-server/prewarm/taro/a1bbf427d8f435dfb115d5256b2475a3/node_modules/.pnpm/sass-loader@14.2.1_sass@1.99.0_webpack@5.78.0_@swc+core@1.3.96_postcss@8.5.14_/node_modules/sass-loader/dist/cjs.js):\nDeprecation Warning on line 4, column 8 of file:///tmp/aipa-cloud-build/hrhHTeP5pC3_RinDtzHsm/src/app.scss:4:8:\nSass @import rules are deprecated and will be removed in Dart Sass 3.0.0.\n\nMore info and automated migrator: https://sass-lang.com/d/import\n\n4 | @import \"./styles/variables.scss\";\n\n\nsrc/app.scss 5:9  root stylesheet\n\n\nℹ️  Listening at http://9.98.210.218:10086/\n\n监听文件修改中...\n\n","timestamp":1782290567081}
[17:15:12.427] [PAI SDK] WebSocket closed, reconnecting (1/3)...
[17:15:22.575] [Global WebSocket] Suppressed error to prevent crash: Unexpected server response: 404
[17:15:22.576] [PAI SDK] WebSocket closed, reconnecting (1/3)...
[17:15:32.672] [Global WebSocket] Suppressed error to prevent crash: Unexpected server response: 404
[17:15:32.673] [PAI SDK] WebSocket closed, reconnecting (1/3)...
[17:15:42.779] [Global WebSocket] Suppressed error to prevent crash: Unexpected server response: 404
[17:15:42.779] [PAI SDK] WebSocket closed, reconnecting (1/3)...
[17:15:52.875] [Global WebSocket] Suppressed error to prevent crash: Unexpected server response: 404
[17:15:52.876] [PAI SDK] WebSocket closed, reconnecting (1/3)...
[17:16:02.983] [Global WebSocket] Suppressed error to prevent crash: Unexpected server response: 404
[17:16:02.983] [PAI SDK] WebSocket closed, reconnecting (1/3)...
[17:16:13.560] [Global WebSocket] Suppressed error to prevent crash: Unexpected server response: 404
[17:16:13.560] [PAI SDK] WebSocket closed, reconnecting (1/3)...
[17:16:23.662] [Global WebSocket] Suppressed error to prevent crash: Unexpected server response: 404
[17:16:23.662] [PAI SDK] WebSocket closed, reconnecting (1/3)...
[17:16:33.755] [Global WebSocket] Suppressed error to prevent crash: Unexpected server response: 404
[17:16:33.755] [PAI SDK] WebSocket closed, reconnecting (1/3)...
[17:16:43.855] [Global WebSocket] Suppressed error to prevent crash: Unexpected server response: 404
[17:16:43.855] [PAI SDK] WebSocket closed, reconnecting (1/3)...
[17:16:53.960] [Global WebSocket] Suppressed error to prevent crash: Unexpected server response: 404
[17:16:53.961] [PAI SDK] WebSocket closed, reconnecting (1/3)...
[17:17:04.096] [Global WebSocket] Suppressed error to prevent crash: Unexpected server response: 404
[17:17:04.097] [PAI SDK] WebSocket closed, reconnecting (1/3)...
[17:17:14.194] [Global WebSocket] Suppressed error to prevent crash: Unexpected server response: 404
[17:17:14.195] [PAI SDK] WebSocket closed, reconnecting (1/3)...
[17:17:24.294] [Global WebSocket] Suppressed error to prevent crash: Unexpected server response: 404
[17:17:24.295] [PAI SDK] WebSocket closed, reconnecting (1/3)...
[17:17:34.436] [Global WebSocket] Suppressed error to prevent crash: Unexpected server response: 404
[17:17:34.437] [PAI SDK] WebSocket closed, reconnecting (1/3)...
[17:17:44.536] [Global WebSocket] Suppressed error to prevent crash: Unexpected server response: 404
[17:17:44.537] [PAI SDK] WebSocket closed, reconnecting (1/3)...
[17:17:54.644] [Global WebSocket] Suppressed error to prevent crash: Unexpected server response: 404
[17:17:54.645] [PAI SDK] WebSocket closed, reconnecting (1/3)...
[17:18:04.763] [Global WebSocket] Suppressed error to prevent crash: Unexpected server response: 404
[17:18:04.764] [PAI SDK] WebSocket closed, reconnecting (1/3)...
[17:18:14.866] [Global WebSocket] Suppressed error to prevent crash: Unexpected server response: 404
[17:18:14.867] [PAI SDK] WebSocket closed, reconnecting (1/3)...
[17:18:24.986] [Global WebSocket] Suppressed error to prevent crash: Unexpected server response: 404
[17:18:24.987] [PAI SDK] WebSocket closed, reconnecting (1/3)...
[17:18:35.095] [Global WebSocket] Suppressed error to prevent crash: Unexpected server response: 404
[17:18:35.096] [PAI SDK] WebSocket closed, reconnecting (1/3)...
[17:18:45.237] [Global WebSocket] Suppressed error to prevent crash: Unexpected server response: 404
[17:18:45.238] [PAI SDK] WebSocket closed, reconnecting (1/3)...
[17:18:55.340] [Global WebSocket] Suppressed error to prevent crash: Unexpected server response: 404
[17:18:55.341] [PAI SDK] WebSocket closed, reconnecting (1/3)...
[17:19:05.438] [Global WebSocket] Suppressed error to prevent crash: Unexpected server response: 404
[17:19:05.439] [PAI SDK] WebSocket closed, reconnecting (1/3)...
[17:19:15.533] [Global WebSocket] Suppressed error to prevent crash: Unexpected server response: 404
[17:19:15.534] [PAI SDK] WebSocket closed, reconnecting (1/3)...
[17:19:25.639] [Global WebSocket] Suppressed error to prevent crash: Unexpected server response: 404
[17:19:25.639] [PAI SDK] WebSocket closed, reconnecting (1/3)...
[17:19:35.743] [Global WebSocket] Suppressed error to prevent crash: Unexpected server response: 404
[17:19:35.744] [PAI SDK] WebSocket closed, reconnecting (1/3)...
[17:19:45.853] [Global WebSocket] Suppressed error to prevent crash: Unexpected server response: 404
[17:19:45.853] [PAI SDK] WebSocket closed, reconnecting (1/3)...
[17:19:55.967] [Global WebSocket] Suppressed error to prevent crash: Unexpected server response: 404
[17:19:55.968] [PAI SDK] WebSocket closed, reconnecting (1/3)...
[17:20:06.089] [Global WebSocket] Suppressed error to prevent crash: Unexpected server response: 404
[17:20:06.089] [PAI SDK] WebSocket closed, reconnecting (1/3)...
[17:20:16.221] [Global WebSocket] Suppressed error to prevent crash: Unexpected server response: 404
[17:20:16.222] [PAI SDK] WebSocket closed, reconnecting (1/3)...
[17:20:26.325] [Global WebSocket] Suppressed error to prevent crash: Unexpected server response: 404
[17:20:26.326] [PAI SDK] WebSocket closed, reconnecting (1/3)...
[17:20:36.424] [Global WebSocket] Suppressed error to prevent crash: Unexpected server response: 404
[17:20:36.425] [PAI SDK] WebSocket closed, reconnecting (1/3)...
[17:20:46.529] [Global WebSocket] Suppressed error to prevent crash: Unexpected server response: 404
[17:20:46.530] [PAI SDK] WebSocket closed, reconnecting (1/3)...
[17:20:56.663] [Global WebSocket] Suppressed error to prevent crash: Unexpected server response: 404
[17:20:56.664] [PAI SDK] WebSocket closed, reconnecting (1/3)...
[17:21:06.770] [Global WebSocket] Suppressed error to prevent crash: Unexpected server response: 404
[17:21:06.770] [PAI SDK] WebSocket closed, reconnecting (1/3)...
[17:21:16.871] [Global WebSocket] Suppressed error to prevent crash: Unexpected server response: 404
[17:21:16.871] [PAI SDK] WebSocket closed, reconnecting (1/3)...
[17:21:26.984] [Global WebSocket] Suppressed error to prevent crash: Unexpected server response: 404
[17:21:26.985] [PAI SDK] WebSocket closed, reconnecting (1/3)...
[17:21:37.076] [Global WebSocket] Suppressed error to prevent crash: Unexpected server response: 404
[17:21:37.076] [PAI SDK] WebSocket closed, reconnecting (1/3)...
[17:21:47.205] [Global WebSocket] Suppressed error to prevent crash: Unexpected server response: 404
[17:21:47.205] [PAI SDK] WebSocket closed, reconnecting (1/3)...
[17:21:57.336] [Global WebSocket] Suppressed error to prevent crash: Unexpected server response: 404
[17:21:57.336] [PAI SDK] WebSocket closed, reconnecting (1/3)...
[17:22:07.457] [Global WebSocket] Suppressed error to prevent crash: Unexpected server response: 404
[17:22:07.458] [PAI SDK] WebSocket closed, reconnecting (1/3)...
[17:22:17.563] [Global WebSocket] Suppressed error to prevent crash: Unexpected server response: 404
[17:22:17.563] [PAI SDK] WebSocket closed, reconnecting (1/3)...
[17:22:27.659] [Global WebSocket] Suppressed error to prevent crash: Unexpected server response: 404
[17:22:27.659] [PAI SDK] WebSocket closed, reconnecting (1/3)...
[17:22:37.768] [Global WebSocket] Suppressed error to prevent crash: Unexpected server response: 404
[17:22:37.768] [PAI SDK] WebSocket closed, reconnecting (1/3)...
[17:22:47.878] [Global WebSocket] Suppressed error to prevent crash: Unexpected server response: 404
[17:22:47.879] [PAI SDK] WebSocket closed, reconnecting (1/3)...
[17:22:57.979] [Global WebSocket] Suppressed error to prevent crash: Unexpected server response: 404
[17:22:57.980] [PAI SDK] WebSocket closed, reconnecting (1/3)...
[17:23:08.114] [Global WebSocket] Suppressed error to prevent crash: Unexpected server response: 404
[17:23:08.115] [PAI SDK] WebSocket closed, reconnecting (1/3)...
[17:23:18.239] [Global WebSocket] Suppressed error to prevent crash: Unexpected server response: 404
[17:23:18.240] [PAI SDK] WebSocket closed, reconnecting (1/3)...
[17:23:28.348] [Global WebSocket] Suppressed error to prevent crash: Unexpected server response: 404
[17:23:28.349] [PAI SDK] WebSocket closed, reconnecting (1/3)...
[17:23:38.488] [Global WebSocket] Suppressed error to prevent crash: Unexpected server response: 404
[17:23:38.489] [PAI SDK] WebSocket closed, reconnecting (1/3)...
[17:23:48.600] [Global WebSocket] Suppressed error to prevent crash: Unexpected server response: 404
[17:23:48.601] [PAI SDK] WebSocket closed, reconnecting (1/3)...
[17:23:58.719] [Global WebSocket] Suppressed error to prevent crash: Unexpected server response: 404
[17:23:58.720] [PAI SDK] WebSocket closed, reconnecting (1/3)...
[17:24:08.847] [Global WebSocket] Suppressed error to prevent crash: Unexpected server response: 404
[17:24:08.848] [PAI SDK] WebSocket closed, reconnecting (1/3)...
[17:24:18.948] [Global WebSocket] Suppressed error to prevent crash: Unexpected server response: 404
[17:24:18.950] [PAI SDK] WebSocket closed, reconnecting (1/3)...
[17:24:29.085] [Global WebSocket] Suppressed error to prevent crash: Unexpected server response: 404
[17:24:29.086] [PAI SDK] WebSocket closed, reconnecting (1/3)...
[17:24:39.194] [Global WebSocket] Suppressed error to prevent crash: Unexpected server response: 404
[17:24:39.194] [PAI SDK] WebSocket closed, reconnecting (1/3)...
[17:24:49.286] [Global WebSocket] Suppressed error to prevent crash: Unexpected server response: 404
[17:24:49.287] [PAI SDK] WebSocket closed, reconnecting (1/3)...
[17:24:59.403] [Global WebSocket] Suppressed error to prevent crash: Unexpected server response: 404
[17:24:59.403] [PAI SDK] WebSocket closed, reconnecting (1/3)...
[17:25:09.504] [Global WebSocket] Suppressed error to prevent crash: Unexpected server response: 404
[17:25:09.505] [PAI SDK] WebSocket closed, reconnecting (1/3)...
[17:25:19.609] [Global WebSocket] Suppressed error to prevent crash: Unexpected server response: 404
[17:25:19.610] [PAI SDK] WebSocket closed, reconnecting (1/3)...
[17:25:29.719] [Global WebSocket] Suppressed error to prevent crash: Unexpected server response: 404
[17:25:29.719] [PAI SDK] WebSocket closed, reconnecting (1/3)...
[17:25:39.817] [Global WebSocket] Suppressed error to prevent crash: Unexpected server response: 404
[17:25:39.818] [PAI SDK] WebSocket closed, reconnecting (1/3)...
[17:25:49.943] [Global WebSocket] Suppressed error to prevent crash: Unexpected server response: 404
[17:25:49.943] [PAI SDK] WebSocket closed, reconnecting (1/3)...
[17:26:00.060] [Global WebSocket] Suppressed error to prevent crash: Unexpected server response: 404
[17:26:00.060] [PAI SDK] WebSocket closed, reconnecting (1/3)...
[17:26:10.158] [Global WebSocket] Suppressed error to prevent crash: Unexpected server response: 404
[17:26:10.158] [PAI SDK] WebSocket closed, reconnecting (1/3)...
[17:26:20.258] [Global WebSocket] Suppressed error to prevent crash: Unexpected server response: 404
[17:26:20.259] [PAI SDK] WebSocket closed, reconnecting (1/3)...
[17:26:30.371] [Global WebSocket] Suppressed error to prevent crash: Unexpected server response: 404
[17:26:30.371] [PAI SDK] WebSocket closed, reconnecting (1/3)...
[17:26:41.004] [Global WebSocket] Suppressed error to prevent crash: Unexpected server response: 404
[17:26:41.004] [PAI SDK] WebSocket closed, reconnecting (1/3)...
[17:26:51.102] [Global WebSocket] Suppressed error to prevent crash: Unexpected server response: 404
[17:26:51.103] [PAI SDK] WebSocket closed, reconnecting (1/3)...
[17:27:01.219] [Global WebSocket] Suppressed error to prevent crash: Unexpected server response: 404
[17:27:01.220] [PAI SDK] WebSocket closed, reconnecting (1/3)...
[17:27:11.347] [Global WebSocket] Suppressed error to prevent crash: Unexpected server response: 404
[17:27:11.348] [PAI SDK] WebSocket closed, reconnecting (1/3)...
[17:27:21.452] [Global WebSocket] Suppressed error to prevent crash: Unexpected server response: 404
[17:27:21.453] [PAI SDK] WebSocket closed, reconnecting (1/3)...
[17:27:31.549] [Global WebSocket] Suppressed error to prevent crash: Unexpected server response: 404
[17:27:31.549] [PAI SDK] WebSocket closed, reconnecting (1/3)...
[17:27:41.678] [Global WebSocket] Suppressed error to prevent crash: Unexpected server response: 404
[17:27:41.678] [PAI SDK] WebSocket closed, reconnecting (1/3)...
[17:27:51.787] [Global WebSocket] Suppressed error to prevent crash: Unexpected server response: 404
[17:27:51.788] [PAI SDK] WebSocket closed, reconnecting (1/3)...
[17:28:01.885] [Global WebSocket] Suppressed error to prevent crash: Unexpected server response: 404
[17:28:01.886] [PAI SDK] WebSocket closed, reconnecting (1/3)...
[17:28:12.029] [Global WebSocket] Suppressed error to prevent crash: Unexpected server response: 404
[17:28:12.029] [PAI SDK] WebSocket closed, reconnecting (1/3)...
[17:28:22.142] [Global WebSocket] Suppressed error to prevent crash: Unexpected server response: 404
[17:28:22.143] [PAI SDK] WebSocket closed, reconnecting (1/3)...
[17:28:32.282] [Global WebSocket] Suppressed error to prevent crash: Unexpected server response: 404
[17:28:32.283] [PAI SDK] WebSocket closed, reconnecting (1/3)...
[17:28:42.390] [Global WebSocket] Suppressed error to prevent crash: Unexpected server response: 404
[17:28:42.391] [PAI SDK] WebSocket closed, reconnecting (1/3)...
[17:28:52.494] [Global WebSocket] Suppressed error to prevent crash: Unexpected server response: 404
[17:28:52.495] [PAI SDK] WebSocket closed, reconnecting (1/3)...
[17:29:02.695] [Global WebSocket] Suppressed error to prevent crash: Unexpected server response: 404
[17:29:02.696] [PAI SDK] WebSocket closed, reconnecting (1/3)...
[17:29:12.807] [Global WebSocket] Suppressed error to prevent crash: Unexpected server response: 404
[17:29:12.808] [PAI SDK] WebSocket closed, reconnecting (1/3)...
[17:29:22.932] [Global WebSocket] Suppressed error to prevent crash: Unexpected server response: 404
[17:29:22.933] [PAI SDK] WebSocket closed, reconnecting (1/3)...
[17:29:33.034] [Global WebSocket] Suppressed error to prevent crash: Unexpected server response: 404
[17:29:33.034] [PAI SDK] WebSocket closed, reconnecting (1/3)...
[17:29:43.138] [Global WebSocket] Suppressed error to prevent crash: Unexpected server response: 404
[17:29:43.139] [PAI SDK] WebSocket closed, reconnecting (1/3)...
[17:29:53.236] [Global WebSocket] Suppressed error to prevent crash: Unexpected server response: 404
[17:29:53.237] [PAI SDK] WebSocket closed, reconnecting (1/3)...
[17:30:03.370] [Global WebSocket] Suppressed error to prevent crash: Unexpected server response: 404
[17:30:03.371] [PAI SDK] WebSocket closed, reconnecting (1/3)...
[17:30:13.483] [Global WebSocket] Suppressed error to prevent crash: Unexpected server response: 404
[17:30:13.484] [PAI SDK] WebSocket closed, reconnecting (1/3)...
[17:30:23.619] [Global WebSocket] Suppressed error to prevent crash: Unexpected server response: 404
[17:30:23.619] [PAI SDK] WebSocket closed, reconnecting (1/3)...
[17:30:33.716] [Global WebSocket] Suppressed error to prevent crash: Unexpected server response: 404
[17:30:33.717] [PAI SDK] WebSocket closed, reconnecting (1/3)...
[17:30:43.828] [Global WebSocket] Suppressed error to prevent crash: Unexpected server response: 404
[17:30:43.829] [PAI SDK] WebSocket closed, reconnecting (1/3)...
[17:30:53.966] [Global WebSocket] Suppressed error to prevent crash: Unexpected server response: 404
[17:30:53.967] [PAI SDK] WebSocket closed, reconnecting (1/3)...
[17:31:04.072] [Global WebSocket] Suppressed error to prevent crash: Unexpected server response: 404
[17:31:04.073] [PAI SDK] WebSocket closed, reconnecting (1/3)...
[17:31:14.182] [Global WebSocket] Suppressed error to prevent crash: Unexpected server response: 404
[17:31:14.182] [PAI SDK] WebSocket closed, reconnecting (1/3)...
[17:31:24.298] [Global WebSocket] Suppressed error to prevent crash: Unexpected server response: 404
[17:31:24.298] [PAI SDK] WebSocket closed, reconnecting (1/3)...
[17:31:34.404] [Global WebSocket] Suppressed error to prevent crash: Unexpected server response: 404
[17:31:34.405] [PAI SDK] WebSocket closed, reconnecting (1/3)...
[17:31:44.522] [Global WebSocket] Suppressed error to prevent crash: Unexpected server response: 404
[17:31:44.523] [PAI SDK] WebSocket closed, reconnecting (1/3)...
[17:31:54.635] [Global WebSocket] Suppressed error to prevent crash: Unexpected server response: 404
[17:31:54.635] [PAI SDK] WebSocket closed, reconnecting (1/3)...
[17:32:04.758] [Global WebSocket] Suppressed error to prevent crash: Unexpected server response: 404
[17:32:04.758] [PAI SDK] WebSocket closed, reconnecting (1/3)...
[17:32:14.868] [Global WebSocket] Suppressed error to prevent crash: Unexpected server response: 404
[17:32:14.868] [PAI SDK] WebSocket closed, reconnecting (1/3)...
[17:32:24.989] [Global WebSocket] Suppressed error to prevent crash: Unexpected server response: 404
[17:32:24.990] [PAI SDK] WebSocket closed, reconnecting (1/3)...
[17:32:35.092] [Global WebSocket] Suppressed error to prevent crash: Unexpected server response: 404
[17:32:35.092] [PAI SDK] WebSocket closed, reconnecting (1/3)...
[17:32:45.214] [Global WebSocket] Suppressed error to prevent crash: Unexpected server response: 404
[17:32:45.215] [PAI SDK] WebSocket closed, reconnecting (1/3)...
[17:32:55.312] [Global WebSocket] Suppressed error to prevent crash: Unexpected server response: 404
[17:32:55.313] [PAI SDK] WebSocket closed, reconnecting (1/3)...
[17:33:05.416] [Global WebSocket] Suppressed error to prevent crash: Unexpected server response: 404
[17:33:05.417] [PAI SDK] WebSocket closed, reconnecting (1/3)...
[17:33:15.532] [Global WebSocket] Suppressed error to prevent crash: Unexpected server response: 404
[17:33:15.532] [PAI SDK] WebSocket closed, reconnecting (1/3)...
[17:33:25.628] [Global WebSocket] Suppressed error to prevent crash: Unexpected server response: 404
[17:33:25.630] [PAI SDK] WebSocket closed, reconnecting (1/3)...
[17:33:35.757] [Global WebSocket] Suppressed error to prevent crash: Unexpected server response: 404
[17:33:35.758] [PAI SDK] WebSocket closed, reconnecting (1/3)...
[17:33:45.897] [Global WebSocket] Suppressed error to prevent crash: Unexpected server response: 404
[17:33:45.897] [PAI SDK] WebSocket closed, reconnecting (1/3)...
[17:33:55.999] [Global WebSocket] Suppressed error to prevent crash: Unexpected server response: 404
[17:33:56.000] [PAI SDK] WebSocket closed, reconnecting (1/3)...
[17:34:06.130] [Global WebSocket] Suppressed error to prevent crash: Unexpected server response: 404
[17:34:06.130] [PAI SDK] WebSocket closed, reconnecting (1/3)...
[17:34:16.233] [Global WebSocket] Suppressed error to prevent crash: Unexpected server response: 404
[17:34:16.234] [PAI SDK] WebSocket closed, reconnecting (1/3)...
[17:34:26.348] [Global WebSocket] Suppressed error to prevent crash: Unexpected server response: 404
[17:34:26.348] [PAI SDK] WebSocket closed, reconnecting (1/3)...
[17:34:36.456] [Global WebSocket] Suppressed error to prevent crash: Unexpected server response: 404
[17:34:36.456] [PAI SDK] WebSocket closed, reconnecting (1/3)...
[17:34:46.559] [Global WebSocket] Suppressed error to prevent crash: Unexpected server response: 404
[17:34:46.559] [PAI SDK] WebSocket closed, reconnecting (1/3)...
[17:34:56.662] [Global WebSocket] Suppressed error to prevent crash: Unexpected server response: 404
[17:34:56.663] [PAI SDK] WebSocket closed, reconnecting (1/3)...
[17:35:06.808] [Global WebSocket] Suppressed error to prevent crash: Unexpected server response: 404
[17:35:06.808] [PAI SDK] WebSocket closed, reconnecting (1/3)...
[17:35:16.925] [Global WebSocket] Suppressed error to prevent crash: Unexpected server response: 404
[17:35:16.926] [PAI SDK] WebSocket closed, reconnecting (1/3)...
[17:35:27.025] [Global WebSocket] Suppressed error to prevent crash: Unexpected server response: 404
[17:35:27.026] [PAI SDK] WebSocket closed, reconnecting (1/3)...
[17:35:37.129] [Global WebSocket] Suppressed error to prevent crash: Unexpected server response: 404
[17:35:37.129] [PAI SDK] WebSocket closed, reconnecting (1/3)...
[17:35:47.222] [Global WebSocket] Suppressed error to prevent crash: Unexpected server response: 404
[17:35:47.222] [PAI SDK] WebSocket closed, reconnecting (1/3)...
[17:35:57.319] [Global WebSocket] Suppressed error to prevent crash: Unexpected server response: 404
[17:35:57.319] [PAI SDK] WebSocket closed, reconnecting (1/3)...
[17:36:07.425] [Global WebSocket] Suppressed error to prevent crash: Unexpected server response: 404
[17:36:07.426] [PAI SDK] WebSocket closed, reconnecting (1/3)...
[17:36:17.522] [Global WebSocket] Suppressed error to prevent crash: Unexpected server response: 404
[17:36:17.523] [PAI SDK] WebSocket closed, reconnecting (1/3)...
[17:36:27.634] [Global WebSocket] Suppressed error to prevent crash: Unexpected server response: 404
[17:36:27.635] [PAI SDK] WebSocket closed, reconnecting (1/3)...
[17:36:37.743] [Global WebSocket] Suppressed error to prevent crash: Unexpected server response: 404
[17:36:37.743] [PAI SDK] WebSocket closed, reconnecting (1/3)...
[17:36:47.861] [Global WebSocket] Suppressed error to prevent crash: Unexpected server response: 404
[17:36:47.861] [PAI SDK] WebSocket closed, reconnecting (1/3)...
[17:36:58.028] [Global WebSocket] Suppressed error to prevent crash: Unexpected server response: 404
[17:36:58.028] [PAI SDK] WebSocket closed, reconnecting (1/3)...
[17:37:08.138] [Global WebSocket] Suppressed error to prevent crash: Unexpected server response: 404
[17:37:08.139] [PAI SDK] WebSocket closed, reconnecting (1/3)...
[17:37:18.248] [Global WebSocket] Suppressed error to prevent crash: Unexpected server response: 404
[17:37:18.249] [PAI SDK] WebSocket closed, reconnecting (1/3)...
[17:37:28.350] [Global WebSocket] Suppressed error to prevent crash: Unexpected server response: 404
[17:37:28.350] [PAI SDK] WebSocket closed, reconnecting (1/3)...
[17:37:38.457] [Global WebSocket] Suppressed error to prevent crash: Unexpected server response: 404
[17:37:38.458] [PAI SDK] WebSocket closed, reconnecting (1/3)...
[17:37:48.618] [Global WebSocket] Suppressed error to prevent crash: Unexpected server response: 404
[17:37:48.619] [PAI SDK] WebSocket closed, reconnecting (1/3)...
[17:37:58.725] [Global WebSocket] Suppressed error to prevent crash: Unexpected server response: 404
[17:37:58.725] [PAI SDK] WebSocket closed, reconnecting (1/3)...
[17:38:08.845] [Global WebSocket] Suppressed error to prevent crash: Unexpected server response: 404
[17:38:08.845] [PAI SDK] WebSocket closed, reconnecting (1/3)...
[17:38:18.956] [Global WebSocket] Suppressed error to prevent crash: Unexpected server response: 404
[17:38:18.957] [PAI SDK] WebSocket closed, reconnecting (1/3)...
[17:38:29.096] [Global WebSocket] Suppressed error to prevent crash: Unexpected server response: 404
[17:38:29.097] [PAI SDK] WebSocket closed, reconnecting (1/3)...
[17:38:39.196] [Global WebSocket] Suppressed error to prevent crash: Unexpected server response: 404
[17:38:39.197] [PAI SDK] WebSocket closed, reconnecting (1/3)...
[17:38:49.302] [Global WebSocket] Suppressed error to prevent crash: Unexpected server response: 404
[17:38:49.303] [PAI SDK] WebSocket closed, reconnecting (1/3)...
[17:38:59.415] [Global WebSocket] Suppressed error to prevent crash: Unexpected server response: 404
[17:38:59.416] [PAI SDK] WebSocket closed, reconnecting (1/3)...
[17:39:09.519] [Global WebSocket] Suppressed error to prevent crash: Unexpected server response: 404
[17:39:09.520] [PAI SDK] WebSocket closed, reconnecting (1/3)...
[17:39:19.636] [Global WebSocket] Suppressed error to prevent crash: Unexpected server response: 404
[17:39:19.636] [PAI SDK] WebSocket closed, reconnecting (1/3)...
[17:39:29.760] [Global WebSocket] Suppressed error to prevent crash: Unexpected server response: 404
[17:39:29.761] [PAI SDK] WebSocket closed, reconnecting (1/3)...
[17:39:39.864] [Global WebSocket] Suppressed error to prevent crash: Unexpected server response: 404
[17:39:39.864] [PAI SDK] WebSocket closed, reconnecting (1/3)...
[17:39:49.981] [Global WebSocket] Suppressed error to prevent crash: Unexpected server response: 404
[17:39:49.982] [PAI SDK] WebSocket closed, reconnecting (1/3)...
[17:40:00.089] [Global WebSocket] Suppressed error to prevent crash: Unexpected server response: 404
[17:40:00.090] [PAI SDK] WebSocket closed, reconnecting (1/3)...
[17:40:10.197] [Global WebSocket] Suppressed error to prevent crash: Unexpected server response: 404
[17:40:10.197] [PAI SDK] WebSocket closed, reconnecting (1/3)...
[17:40:20.314] [Global WebSocket] Suppressed error to prevent crash: Unexpected server response: 404
[17:40:20.315] [PAI SDK] WebSocket closed, reconnecting (1/3)...
[17:40:30.450] [Global WebSocket] Suppressed error to prevent crash: Unexpected server response: 404
[17:40:30.451] [PAI SDK] WebSocket closed, reconnecting (1/3)...
[17:40:40.548] [Global WebSocket] Suppressed error to prevent crash: Unexpected server response: 404
[17:40:40.549] [PAI SDK] WebSocket closed, reconnecting (1/3)...
[17:40:50.668] [Global WebSocket] Suppressed error to prevent crash: Unexpected server response: 404
[17:40:50.668] [PAI SDK] WebSocket closed, reconnecting (1/3)...
[17:41:00.847] [Global WebSocket] Suppressed error to prevent crash: Unexpected server response: 404
[17:41:00.847] [PAI SDK] WebSocket closed, reconnecting (1/3)...
[17:41:10.950] [Global WebSocket] Suppressed error to prevent crash: Unexpected server response: 404
[17:41:10.951] [PAI SDK] WebSocket closed, reconnecting (1/3)...
[17:41:21.149] [Global WebSocket] Suppressed error to prevent crash: Unexpected server response: 404
[17:41:21.149] [PAI SDK] WebSocket closed, reconnecting (1/3)...
[17:41:31.257] [Global WebSocket] Suppressed error to prevent crash: Unexpected server response: 404
[17:41:31.257] [PAI SDK] WebSocket closed, reconnecting (1/3)...
[17:41:41.863] [Global WebSocket] Suppressed error to prevent crash: Unexpected server response: 404
[17:41:41.863] [PAI SDK] WebSocket closed, reconnecting (1/3)...
[17:41:51.974] [Global WebSocket] Suppressed error to prevent crash: Unexpected server response: 404
[17:41:51.975] [PAI SDK] WebSocket closed, reconnecting (1/3)...
[17:42:02.071] [Global WebSocket] Suppressed error to prevent crash: Unexpected server response: 404
[17:42:02.072] [PAI SDK] WebSocket closed, reconnecting (1/3)...
[17:42:12.164] [Global WebSocket] Suppressed error to prevent crash: Unexpected server response: 404
[17:42:12.164] [PAI SDK] WebSocket closed, reconnecting (1/3)...
[17:42:22.272] [Global WebSocket] Suppressed error to prevent crash: Unexpected server response: 404
[17:42:22.272] [PAI SDK] WebSocket closed, reconnecting (1/3)...
[17:42:32.391] [Global WebSocket] Suppressed error to prevent crash: Unexpected server response: 404
[17:42:32.392] [PAI SDK] WebSocket closed, reconnecting (1/3)...
[17:42:42.489] [Global WebSocket] Suppressed error to prevent crash: Unexpected server response: 404
[17:42:42.489] [PAI SDK] WebSocket closed, reconnecting (1/3)...
[17:42:48.980] Heartbeat timeout.
[17:42:48.989] Shutting down...
[17:42:48.991] Stopping Cloud Dev...
